{"uid":"353e1957087dafe1","name":"Test to hide the parameters mapped to task and publish prototype","fullName":"tests.scenarios.test_prototype_and_parameter.TestPrototypeAndParameter#test_hide_parameters_mapped_to_task","historyId":"18212eb1c981e2a92bc12e269760829b","time":{"start":1733749853425,"stop":1733749883524,"duration":30099},"description":"This test case tests hiding the parameters those are mapped to task","descriptionHtml":"<p>This test case tests hiding the parameters those are mapped to task</p>\n","status":"failed","statusMessage":"AssertionError: Incorrect Password for Username: facility.admin.03 and Password: $unDay123","statusTrace":"self = <test_prototype_and_parameter.TestPrototypeAndParameter object at 0x79c71f5a37d0>\n\n    @allure.title(\"Test to hide the parameters mapped to task and publish prototype\")\n    @allure.description(\"This test case tests hiding the parameters those are mapped to task\")\n    @allure.link(\"https://app.clickup.com/t/85zu3rz96\")\n    @pytest.mark.scenario\n    @pytest.mark.create_prototype\n    @pytest.mark.hide_parameters_mapped_to_task\n    def test_hide_parameters_mapped_to_task(self):\n>       login(Env.get_env_data(\"QA_ADMIN_USERNAME_01\"), Env.get_env_data(\"QA_ADMIN_PASSWORD_01\"))\n\ntests/scenarios/test_prototype_and_parameter.py:2446: \n_ _ _ _ _ _ _ _ _ _ _ _ _ _ _ _ _ _ _ _ _ _ _ _ _ _ _ _ _ _ _ _ _ _ _ _ _ _ _ _ _ _ _ _ _ _ _ _ _ _ _ _ _ _ _ _ _ _ _ _ _ _ _ _ _ _ _ _ _ _ _ _ _ _ _ _ _ _ _ _ _ _ _ _ _ _ _ _ _ _ _ _ _ _ _ _ _ _ _ _ _ _ _ _ _ _ _ _ _ _ _ _ _ _ \ntests/unit/login_logout/login_logout.py:21: in login\n    status_200(response, \"Incorrect Password for Username: \" + user_name + \" and Password: \" + password)\n_ _ _ _ _ _ _ _ _ _ _ _ _ _ _ _ _ _ _ _ _ _ _ _ _ _ _ _ _ _ _ _ _ _ _ _ _ _ _ _ _ _ _ _ _ _ _ _ _ _ _ _ _ _ _ _ _ _ _ _ _ _ _ _ _ _ _ _ _ _ _ _ _ _ _ _ _ _ _ _ _ _ _ _ _ _ _ _ _ _ _ _ _ _ _ _ _ _ _ _ _ _ _ _ _ _ _ _ _ _ _ _ _ _ \n\nresponse = <Response [500]>, message = 'Incorrect Password for Username: facility.admin.03 and Password: $unDay123'\n\n    def status_200(response, message=None):\n        if message is None:\n            message = response.text\n>       assert response.status_code == 200, message\nE       AssertionError: Incorrect Password for Username: facility.admin.03 and Password: $unDay123\n\nutil/validate_response.py:4: AssertionError","flaky":false,"newFailed":false,"newBroken":false,"newPassed":false,"retriesCount":0,"retriesStatusChange":false,"beforeStages":[{"name":"env_setup","time":{"start":1733747083130,"stop":1733747083130,"duration":0},"status":"passed","steps":[],"attachments":[],"parameters":[],"shouldDisplayMessage":false,"stepsCount":0,"attachmentsCount":0,"hasContent":false,"attachmentStep":false},{"name":"login_fixture","time":{"start":1733747083130,"stop":1733747083334,"duration":204},"status":"passed","steps":[],"attachments":[],"parameters":[],"shouldDisplayMessage":false,"stepsCount":0,"attachmentsCount":0,"hasContent":false,"attachmentStep":false},{"name":"get_facility","time":{"start":1733747083334,"stop":1733747083435,"duration":101},"status":"passed","steps":[],"attachments":[],"parameters":[],"shouldDisplayMessage":false,"stepsCount":0,"attachmentsCount":0,"hasContent":false,"attachmentStep":false},{"name":"select_usecase_fixture","time":{"start":1733747083436,"stop":1733747083532,"duration":96},"status":"passed","steps":[],"attachments":[],"parameters":[],"shouldDisplayMessage":false,"stepsCount":0,"attachmentsCount":0,"hasContent":false,"attachmentStep":false},{"name":"username_to_user_id_mapping","time":{"start":1733747083532,"stop":1733747083747,"duration":215},"status":"passed","steps":[],"attachments":[],"parameters":[],"shouldDisplayMessage":false,"stepsCount":0,"attachmentsCount":0,"hasContent":false,"attachmentStep":false},{"name":"flush_param_counters","time":{"start":1733749853425,"stop":1733749853425,"duration":0},"status":"passed","steps":[],"attachments":[],"parameters":[],"shouldDisplayMessage":false,"stepsCount":0,"attachmentsCount":0,"hasContent":false,"attachmentStep":false}],"afterStages":[{"name":"flush_param_counters::0","time":{"start":1733749883582,"stop":1733749883582,"duration":0},"status":"passed","steps":[],"attachments":[],"parameters":[],"shouldDisplayMessage":false,"stepsCount":0,"attachmentsCount":0,"hasContent":false,"attachmentStep":false}],"labels":[{"name":"tag","value":"hide_parameters_mapped_to_task"},{"name":"tag","value":"create_prototype"},{"name":"tag","value":"scenario"},{"name":"parentSuite","value":"tests.scenarios"},{"name":"suite","value":"test_prototype_and_parameter"},{"name":"subSuite","value":"TestPrototypeAndParameter"},{"name":"host","value":"ubuntu"},{"name":"thread","value":"49291-MainThread"},{"name":"framework","value":"pytest"},{"name":"language","value":"cpython3"},{"name":"package","value":"tests.scenarios.test_prototype_and_parameter"},{"name":"resultFormat","value":"allure2"}],"parameters":[],"links":[{"name":"https://app.clickup.com/t/85zu3rz96","url":"https://app.clickup.com/t/85zu3rz96","type":"link"}],"hidden":true,"retry":true,"extra":{"categories":[],"tags":["create_prototype","scenario","hide_parameters_mapped_to_task"]},"source":"353e1957087dafe1.json","parameterValues":[]}