{"uid":"3b080d0623564320","name":"Test to validate activities of prototype","fullName":"tests.scenarios.test_prototype_and_parameter.TestPrototypeAndParameter#test_validate_prototype_activities_details","historyId":"4f324a2092c6b15d10f9a8ec8732cb5e","time":{"start":1733741568293,"stop":1733741569503,"duration":1210},"description":"This test case validates view activities details of prototype","descriptionHtml":"<p>This test case validates view activities details of prototype</p>\n","status":"failed","statusMessage":"AssertionError: owner details not matching\nassert 'created the Prototype' in 'Kajol L (ID:L-facility.admin.03) provided a name \"Task-1.1\" to Task 1.1 of the Stage \"Stage-1\"'\n +  where 'created the Prototype' = const.PROTOTYPE_CREATION_INFO","statusTrace":"self = <test_prototype_and_parameter.TestPrototypeAndParameter object at 0x7339bae11250>\n\n    @allure.title(\"Test to validate activities of prototype\")\n    @allure.description(\"This test case validates view activities details of prototype\")\n    @allure.link(\"https://app.clickup.com/t/85zu1yac1\")\n    @pytest.mark.scenario123\n    @pytest.mark.validate_details_of_prototype\n    @pytest.mark.validate_prototype_activities_details\n    def test_validate_prototype_activities_details(self):\n        login(Env.get_env_data(\"QA_ADMIN_USERNAME_01\"), Env.get_env_data(\"QA_ADMIN_PASSWORD_01\"))\n        select_facility(const.FACILITY_NAME)\n        select_usecase(const.USECASE_NAME)\n    \n        checklist_name_01 = self.test_validate_prototype_activities_details.__name__\n        create_new_checklist(checklist_name_01, const.USECASE_ID, const.FACILITY_ID)\n        add_stage(stage_name_01)\n        add_task(stage_name_01, task_name_01)\n    \n        data = [\"sunday\", \"saturday\", \"monday\"]\n        param = get_parameter_data(\"single_select\")\n        add_single_select_dropdown_parameter(stage_name_01, task_name_01, param, data)\n    \n        single_line_param = get_parameter_data(\"single_line_text\")\n        add_single_line_text_parameter(stage_name_01, task_name_01, single_line_param)\n    \n        prototype_details = prototype_activities()\n        owner_details = prototype_details['data'][0]['details']\n>       assert const.PROTOTYPE_CREATION_INFO in owner_details, \"owner details not matching\"\nE       AssertionError: owner details not matching\nE       assert 'created the Prototype' in 'Kajol L (ID:L-facility.admin.03) provided a name \"Task-1.1\" to Task 1.1 of the Stage \"Stage-1\"'\nE        +  where 'created the Prototype' = const.PROTOTYPE_CREATION_INFO\n\ntests/scenarios/test_prototype_and_parameter.py:4813: AssertionError","flaky":false,"newFailed":false,"newBroken":false,"newPassed":false,"retriesCount":0,"retriesStatusChange":false,"beforeStages":[{"name":"login_fixture","time":{"start":1733741501549,"stop":1733741501779,"duration":230},"status":"passed","steps":[],"attachments":[],"parameters":[],"stepsCount":0,"shouldDisplayMessage":false,"attachmentsCount":0,"hasContent":false,"attachmentStep":false},{"name":"env_setup","time":{"start":1733741501549,"stop":1733741501549,"duration":0},"status":"passed","steps":[],"attachments":[],"parameters":[],"stepsCount":0,"shouldDisplayMessage":false,"attachmentsCount":0,"hasContent":false,"attachmentStep":false},{"name":"get_facility","time":{"start":1733741501779,"stop":1733741501885,"duration":106},"status":"passed","steps":[],"attachments":[],"parameters":[],"stepsCount":0,"shouldDisplayMessage":false,"attachmentsCount":0,"hasContent":false,"attachmentStep":false},{"name":"select_usecase_fixture","time":{"start":1733741501885,"stop":1733741501981,"duration":96},"status":"passed","steps":[],"attachments":[],"parameters":[],"stepsCount":0,"shouldDisplayMessage":false,"attachmentsCount":0,"hasContent":false,"attachmentStep":false},{"name":"username_to_user_id_mapping","time":{"start":1733741501981,"stop":1733741502215,"duration":234},"status":"passed","steps":[],"attachments":[],"parameters":[],"stepsCount":0,"shouldDisplayMessage":false,"attachmentsCount":0,"hasContent":false,"attachmentStep":false},{"name":"flush_param_counters","time":{"start":1733741568293,"stop":1733741568293,"duration":0},"status":"passed","steps":[],"attachments":[],"parameters":[],"stepsCount":0,"shouldDisplayMessage":false,"attachmentsCount":0,"hasContent":false,"attachmentStep":false}],"afterStages":[{"name":"flush_param_counters::0","time":{"start":1733741569555,"stop":1733741569555,"duration":0},"status":"passed","steps":[],"attachments":[],"parameters":[],"stepsCount":0,"shouldDisplayMessage":false,"attachmentsCount":0,"hasContent":false,"attachmentStep":false}],"labels":[{"name":"tag","value":"validate_prototype_activities_details"},{"name":"tag","value":"validate_details_of_prototype"},{"name":"tag","value":"scenario123"},{"name":"parentSuite","value":"tests.scenarios"},{"name":"suite","value":"test_prototype_and_parameter"},{"name":"subSuite","value":"TestPrototypeAndParameter"},{"name":"host","value":"ubuntu"},{"name":"thread","value":"44884-MainThread"},{"name":"framework","value":"pytest"},{"name":"language","value":"cpython3"},{"name":"package","value":"tests.scenarios.test_prototype_and_parameter"},{"name":"resultFormat","value":"allure2"}],"parameters":[],"links":[{"name":"https://app.clickup.com/t/85zu1yac1","url":"https://app.clickup.com/t/85zu1yac1","type":"link"}],"hidden":true,"retry":true,"extra":{"categories":[],"tags":["scenario123","validate_details_of_prototype","validate_prototype_activities_details"]},"source":"3b080d0623564320.json","parameterValues":[]}