{"uid":"67e2ab42d57f9cb3","name":"Test to verify that user get error when criteria type validation on number parameter breached after re running validation","fullName":"tests.scenarios.job.test_number_parameter_exception_management_execution.TestNumberParameterExceptionManagementExecution#test_validate_error_on_number_param_after_revalidation_parameterized_value","historyId":"8f4baf0208c691855ee7d54e2e7d2c9a","time":{"start":1733499679418,"stop":1733499680809,"duration":1391},"description":"This test case validates the defined error when criteria type validation with parameterized value is breached after re running validation","descriptionHtml":"<p>This test case validates the defined error when criteria type validation with parameterized value is breached after re running validation</p>\n","status":"failed","statusMessage":"AssertionError","statusTrace":"self = <test_number_parameter_exception_management_execution.TestNumberParameterExceptionManagementExecution object at 0x7af8221a68a0>\nuser_group_creation = 'Auto_Test_user_group_TestNumberParameterExceptionManagementExecution_760', job_execution_by = 'user_group', users_list = []\n\n    @allure.title(\"Test to verify that user get error when criteria type validation on number parameter breached after \"\n                  \"re running validation\")\n    @allure.description(\n        \"This test case validates the defined error when criteria type validation with parameterized value \"\n        \"is breached after re running validation\")\n    @allure.link(\"https://app.clickup.com/t/86cvzp0y0\")\n    @pytest.mark.scenario\n    @pytest.mark.job\n    @pytest.mark.exception_management_workflow\n    @pytest.mark.validate_error_on_number_param_after_revalidation_parameterized_value\n    @pytest.mark.parametrize(\"job_execution_by, users_list\", [(\"user\", [Env.get_env_data(\"QA_PUBLISHER_USERNAME_01\")]),\n                                                              (\"user_group\", [])])\n    def test_validate_error_on_number_param_after_revalidation_parameterized_value(self, user_group_creation,\n                                                                                   job_execution_by,\n                                                                                   users_list):\n>       process_data = self.process_obj.test_add_number_parameter_with_criteria_type_validation_halt_parameter_condition_and_parameterized_value()\n\ntests/scenarios/job/test_number_parameter_exception_management_execution.py:379: \n_ _ _ _ _ _ _ _ _ _ _ _ _ _ _ _ _ _ _ _ _ _ _ _ _ _ _ _ _ _ _ _ _ _ _ _ _ _ _ _ _ _ _ _ _ _ _ _ _ _ _ _ _ _ _ _ _ _ _ _ _ _ _ _ _ _ _ _ _ _ _ _ _ _ _ _ _ _ _ _ _ _ _ _ _ _ _ _ _ _ _ _ _ _ _ _ _ _ _ _ _ _ _ _ _ _ _ _ _ _ _ _ _ _ \ntests/scenarios/test_number_parameter_exception_management.py:299: in test_add_number_parameter_with_criteria_type_validation_halt_parameter_condition_and_parameterized_value\n    validate_checklist()\ntests/unit/prototyping/process.py:186: in validate_checklist\n    status_200(response)\n_ _ _ _ _ _ _ _ _ _ _ _ _ _ _ _ _ _ _ _ _ _ _ _ _ _ _ _ _ _ _ _ _ _ _ _ _ _ _ _ _ _ _ _ _ _ _ _ _ _ _ _ _ _ _ _ _ _ _ _ _ _ _ _ _ _ _ _ _ _ _ _ _ _ _ _ _ _ _ _ _ _ _ _ _ _ _ _ _ _ _ _ _ _ _ _ _ _ _ _ _ _ _ _ _ _ _ _ _ _ _ _ _ _ \n\nresponse = <Response [500]>, message = ''\n\n    def status_200(response, message=None):\n        if message is None:\n            message = response.text\n>       assert response.status_code == 200, message\nE       AssertionError\n\nutil/validate_response.py:4: AssertionError","flaky":false,"newFailed":false,"newBroken":false,"newPassed":false,"retriesCount":0,"retriesStatusChange":false,"beforeStages":[{"name":"env_setup","time":{"start":1733490527832,"stop":1733490527832,"duration":0},"status":"passed","steps":[],"attachments":[],"parameters":[],"stepsCount":0,"shouldDisplayMessage":false,"attachmentsCount":0,"hasContent":false,"attachmentStep":false},{"name":"login_fixture","time":{"start":1733490527832,"stop":1733490528079,"duration":247},"status":"passed","steps":[],"attachments":[],"parameters":[],"stepsCount":0,"shouldDisplayMessage":false,"attachmentsCount":0,"hasContent":false,"attachmentStep":false},{"name":"get_facility","time":{"start":1733490528079,"stop":1733490528284,"duration":205},"status":"passed","steps":[],"attachments":[],"parameters":[],"stepsCount":0,"shouldDisplayMessage":false,"attachmentsCount":0,"hasContent":false,"attachmentStep":false},{"name":"select_usecase_fixture","time":{"start":1733490528284,"stop":1733490528542,"duration":258},"status":"passed","steps":[],"attachments":[],"parameters":[],"stepsCount":0,"shouldDisplayMessage":false,"attachmentsCount":0,"hasContent":false,"attachmentStep":false},{"name":"username_to_user_id_mapping","time":{"start":1733490528542,"stop":1733490529001,"duration":459},"status":"passed","steps":[],"attachments":[],"parameters":[],"stepsCount":0,"shouldDisplayMessage":false,"attachmentsCount":0,"hasContent":false,"attachmentStep":false},{"name":"user_group_creation","time":{"start":1733499663409,"stop":1733499664045,"duration":636},"status":"passed","steps":[],"attachments":[],"parameters":[],"stepsCount":0,"shouldDisplayMessage":false,"attachmentsCount":0,"hasContent":false,"attachmentStep":false},{"name":"flush_param_counters","time":{"start":1733499679418,"stop":1733499679418,"duration":0},"status":"passed","steps":[],"attachments":[],"parameters":[],"stepsCount":0,"shouldDisplayMessage":false,"attachmentsCount":0,"hasContent":false,"attachmentStep":false}],"afterStages":[{"name":"flush_param_counters::0","time":{"start":1733499680830,"stop":1733499680830,"duration":0},"status":"passed","steps":[],"attachments":[],"parameters":[],"stepsCount":0,"shouldDisplayMessage":false,"attachmentsCount":0,"hasContent":false,"attachmentStep":false}],"labels":[{"name":"tag","value":"validate_error_on_number_param_after_revalidation_parameterized_value"},{"name":"tag","value":"exception_management_workflow"},{"name":"tag","value":"job"},{"name":"tag","value":"scenario"},{"name":"parentSuite","value":"tests.scenarios.job"},{"name":"suite","value":"test_number_parameter_exception_management_execution"},{"name":"subSuite","value":"TestNumberParameterExceptionManagementExecution"},{"name":"host","value":"ubuntu"},{"name":"thread","value":"29333-MainThread"},{"name":"framework","value":"pytest"},{"name":"language","value":"cpython3"},{"name":"package","value":"tests.scenarios.job.test_number_parameter_exception_management_execution"},{"name":"resultFormat","value":"allure2"}],"parameters":[{"name":"job_execution_by","value":"'user_group'"},{"name":"users_list","value":"[]"}],"links":[{"name":"https://app.clickup.com/t/86cvzp0y0","url":"https://app.clickup.com/t/86cvzp0y0","type":"link"}],"hidden":false,"retry":false,"extra":{"severity":"normal","retries":[],"categories":[{"name":"Product defects","matchedStatuses":[],"flaky":false}],"tags":["scenario","validate_error_on_number_param_after_revalidation_parameterized_value","job","exception_management_workflow"]},"source":"67e2ab42d57f9cb3.json","parameterValues":["'user_group'","[]"]}