{"uid":"8a0668f2efa799ce","name":"Test to delete all the parameters mapped to the task","fullName":"tests.scenarios.test_prototype_and_parameter.TestPrototypeAndParameter#test_delete_parameters_mapped_to_task","historyId":"281b556c35924866e5863b5118f1d1d4","time":{"start":1733750124871,"stop":1733750154985,"duration":30114},"description":"These test case test deleting all the parameters mapped to task","descriptionHtml":"<p>These test case test deleting all the parameters mapped to task</p>\n","status":"failed","statusMessage":"AssertionError: Incorrect Password for Username: global.admin.02 and Password: $unDay123","statusTrace":"self = <test_prototype_and_parameter.TestPrototypeAndParameter object at 0x79c71f5bc590>\n\n    @allure.title(\"Test to delete all the parameters mapped to the task\")\n    @allure.description(\"These test case test deleting all the parameters mapped to task\")\n    @allure.link(\"https://app.clickup.com/t/86ctvkj2r\")\n    @pytest.mark.scenario\n    @pytest.mark.create_prototype\n    @pytest.mark.delete_parameters_mapped_to_task\n    def test_delete_parameters_mapped_to_task(self):\n>       properties = object_type_with_properties.test_create_object_type_properties()\n\ntests/scenarios/test_prototype_and_parameter.py:2223: \n_ _ _ _ _ _ _ _ _ _ _ _ _ _ _ _ _ _ _ _ _ _ _ _ _ _ _ _ _ _ _ _ _ _ _ _ _ _ _ _ _ _ _ _ _ _ _ _ _ _ _ _ _ _ _ _ _ _ _ _ _ _ _ _ _ _ _ _ _ _ _ _ _ _ _ _ _ _ _ _ _ _ _ _ _ _ _ _ _ _ _ _ _ _ _ _ _ _ _ _ _ _ _ _ _ _ _ _ _ _ _ _ _ _ \ntests/scenarios/ontology/test_object_property.py:24: in test_create_object_type_properties\n    display_name = object_types()\ntests/scenarios/ontology/test_object_types.py:21: in test_create_object_types\n    login(Env.get_env_data(\"QA_GLOBAL_ADMIN_USERNAME_01\"), Env.get_env_data(\"QA_GLOBAL_ADMIN_PASSWORD_01\"))\ntests/unit/login_logout/login_logout.py:21: in login\n    status_200(response, \"Incorrect Password for Username: \" + user_name + \" and Password: \" + password)\n_ _ _ _ _ _ _ _ _ _ _ _ _ _ _ _ _ _ _ _ _ _ _ _ _ _ _ _ _ _ _ _ _ _ _ _ _ _ _ _ _ _ _ _ _ _ _ _ _ _ _ _ _ _ _ _ _ _ _ _ _ _ _ _ _ _ _ _ _ _ _ _ _ _ _ _ _ _ _ _ _ _ _ _ _ _ _ _ _ _ _ _ _ _ _ _ _ _ _ _ _ _ _ _ _ _ _ _ _ _ _ _ _ _ \n\nresponse = <Response [500]>, message = 'Incorrect Password for Username: global.admin.02 and Password: $unDay123'\n\n    def status_200(response, message=None):\n        if message is None:\n            message = response.text\n>       assert response.status_code == 200, message\nE       AssertionError: Incorrect Password for Username: global.admin.02 and Password: $unDay123\n\nutil/validate_response.py:4: AssertionError","flaky":false,"newFailed":false,"newBroken":false,"newPassed":false,"retriesCount":0,"retriesStatusChange":false,"beforeStages":[{"name":"login_fixture","time":{"start":1733747083130,"stop":1733747083334,"duration":204},"status":"passed","steps":[],"attachments":[],"parameters":[],"stepsCount":0,"shouldDisplayMessage":false,"attachmentsCount":0,"hasContent":false,"attachmentStep":false},{"name":"env_setup","time":{"start":1733747083130,"stop":1733747083130,"duration":0},"status":"passed","steps":[],"attachments":[],"parameters":[],"stepsCount":0,"shouldDisplayMessage":false,"attachmentsCount":0,"hasContent":false,"attachmentStep":false},{"name":"get_facility","time":{"start":1733747083334,"stop":1733747083435,"duration":101},"status":"passed","steps":[],"attachments":[],"parameters":[],"stepsCount":0,"shouldDisplayMessage":false,"attachmentsCount":0,"hasContent":false,"attachmentStep":false},{"name":"select_usecase_fixture","time":{"start":1733747083436,"stop":1733747083532,"duration":96},"status":"passed","steps":[],"attachments":[],"parameters":[],"stepsCount":0,"shouldDisplayMessage":false,"attachmentsCount":0,"hasContent":false,"attachmentStep":false},{"name":"username_to_user_id_mapping","time":{"start":1733747083532,"stop":1733747083747,"duration":215},"status":"passed","steps":[],"attachments":[],"parameters":[],"stepsCount":0,"shouldDisplayMessage":false,"attachmentsCount":0,"hasContent":false,"attachmentStep":false},{"name":"flush_param_counters","time":{"start":1733750124871,"stop":1733750124871,"duration":0},"status":"passed","steps":[],"attachments":[],"parameters":[],"stepsCount":0,"shouldDisplayMessage":false,"attachmentsCount":0,"hasContent":false,"attachmentStep":false}],"afterStages":[{"name":"flush_param_counters::0","time":{"start":1733750155040,"stop":1733750155040,"duration":0},"status":"passed","steps":[],"attachments":[],"parameters":[],"stepsCount":0,"shouldDisplayMessage":false,"attachmentsCount":0,"hasContent":false,"attachmentStep":false}],"labels":[{"name":"tag","value":"delete_parameters_mapped_to_task"},{"name":"tag","value":"create_prototype"},{"name":"tag","value":"scenario"},{"name":"parentSuite","value":"tests.scenarios"},{"name":"suite","value":"test_prototype_and_parameter"},{"name":"subSuite","value":"TestPrototypeAndParameter"},{"name":"host","value":"ubuntu"},{"name":"thread","value":"49291-MainThread"},{"name":"framework","value":"pytest"},{"name":"language","value":"cpython3"},{"name":"package","value":"tests.scenarios.test_prototype_and_parameter"},{"name":"resultFormat","value":"allure2"}],"parameters":[],"links":[{"name":"https://app.clickup.com/t/86ctvkj2r","url":"https://app.clickup.com/t/86ctvkj2r","type":"link"}],"hidden":true,"retry":true,"extra":{"categories":[],"tags":["create_prototype","scenario","delete_parameters_mapped_to_task"]},"source":"8a0668f2efa799ce.json","parameterValues":[]}