{"uid":"9223938c71188b79","name":"Test to validate activities of prototype","fullName":"tests.scenarios.test_prototype_and_parameter.TestPrototypeAndParameter#test_validate_prototype_activities_details","historyId":"4f324a2092c6b15d10f9a8ec8732cb5e","time":{"start":1734098056828,"stop":1734098058219,"duration":1391},"description":"This test case validates view activities details of prototype","descriptionHtml":"<p>This test case validates view activities details of prototype</p>\n","status":"failed","statusMessage":"AssertionError: owner details not matching\nassert 'created the Prototype' in 'Kajol L (ID:L-facility.admin.03) added the Parameter \"single_line_text-1\"  of type \"SINGLE_LINE\"  to the Task \"Task-1.1\" as Task1.1 of the Stage \"Stage-1\"'","statusTrace":"self = <test_prototype_and_parameter.TestPrototypeAndParameter object at 0x7326d53ca300>\n\n    @allure.title(\"Test to validate activities of prototype\")\n    @allure.description(\"This test case validates view activities details of prototype\")\n    @allure.link(\"https://app.clickup.com/t/85zu1yac1\")\n    @pytest.mark.scenario\n    @pytest.mark.validate_details_of_prototype\n    @pytest.mark.validate_prototype_activities_details\n    def test_validate_prototype_activities_details(self):\n        login(Env.get_env_data(\"QA_ADMIN_USERNAME_01\"), Env.get_env_data(\"QA_ADMIN_PASSWORD_01\"))\n        select_facility(const.FACILITY_NAME)\n        select_usecase(const.USECASE_NAME)\n    \n        checklist_name_01 = self.test_validate_prototype_activities_details.__name__\n        create_new_checklist(checklist_name_01, const.USECASE_ID, const.FACILITY_ID)\n        add_stage(stage_name_01)\n        add_task(stage_name_01, task_name_01)\n    \n        data = [\"sunday\", \"saturday\", \"monday\"]\n        param = get_parameter_data(\"single_select\")\n        add_single_select_dropdown_parameter(stage_name_01, task_name_01, param, data)\n    \n        single_line_param = get_parameter_data(\"single_line_text\")\n        add_single_line_text_parameter(stage_name_01, task_name_01, single_line_param)\n    \n        prototype_details = prototype_activities()\n        owner_details = prototype_details['data'][0]['details']\n>       assert PROTOTYPE_CREATION_INFO in owner_details, \"owner details not matching\"\nE       AssertionError: owner details not matching\nE       assert 'created the Prototype' in 'Kajol L (ID:L-facility.admin.03) added the Parameter \"single_line_text-1\"  of type \"SINGLE_LINE\"  to the Task \"Task-1.1\" as Task1.1 of the Stage \"Stage-1\"'\n\ntests/scenarios/test_prototype_and_parameter.py:4811: AssertionError","flaky":false,"newFailed":false,"newBroken":false,"newPassed":false,"retriesCount":0,"retriesStatusChange":false,"beforeStages":[{"name":"env_setup","time":{"start":1734094787340,"stop":1734094787340,"duration":0},"status":"passed","steps":[],"attachments":[],"parameters":[],"shouldDisplayMessage":false,"stepsCount":0,"attachmentsCount":0,"hasContent":false,"attachmentStep":false},{"name":"login_fixture","time":{"start":1734094787340,"stop":1734094787555,"duration":215},"status":"passed","steps":[],"attachments":[],"parameters":[],"shouldDisplayMessage":false,"stepsCount":0,"attachmentsCount":0,"hasContent":false,"attachmentStep":false},{"name":"get_facility","time":{"start":1734094787556,"stop":1734094787676,"duration":120},"status":"passed","steps":[],"attachments":[],"parameters":[],"shouldDisplayMessage":false,"stepsCount":0,"attachmentsCount":0,"hasContent":false,"attachmentStep":false},{"name":"select_usecase_fixture","time":{"start":1734094787676,"stop":1734094787784,"duration":108},"status":"passed","steps":[],"attachments":[],"parameters":[],"shouldDisplayMessage":false,"stepsCount":0,"attachmentsCount":0,"hasContent":false,"attachmentStep":false},{"name":"username_to_user_id_mapping","time":{"start":1734094787784,"stop":1734094788037,"duration":253},"status":"passed","steps":[],"attachments":[],"parameters":[],"shouldDisplayMessage":false,"stepsCount":0,"attachmentsCount":0,"hasContent":false,"attachmentStep":false},{"name":"flush_param_counters","time":{"start":1734098056828,"stop":1734098056828,"duration":0},"status":"passed","steps":[],"attachments":[],"parameters":[],"shouldDisplayMessage":false,"stepsCount":0,"attachmentsCount":0,"hasContent":false,"attachmentStep":false}],"afterStages":[{"name":"flush_param_counters::0","time":{"start":1734098058363,"stop":1734098058363,"duration":0},"status":"passed","steps":[],"attachments":[],"parameters":[],"shouldDisplayMessage":false,"stepsCount":0,"attachmentsCount":0,"hasContent":false,"attachmentStep":false}],"labels":[{"name":"tag","value":"validate_prototype_activities_details"},{"name":"tag","value":"validate_details_of_prototype"},{"name":"tag","value":"scenario"},{"name":"parentSuite","value":"tests.scenarios"},{"name":"suite","value":"test_prototype_and_parameter"},{"name":"subSuite","value":"TestPrototypeAndParameter"},{"name":"host","value":"ubuntu"},{"name":"thread","value":"590668-MainThread"},{"name":"framework","value":"pytest"},{"name":"language","value":"cpython3"},{"name":"package","value":"tests.scenarios.test_prototype_and_parameter"},{"name":"resultFormat","value":"allure2"}],"parameters":[],"links":[{"name":"https://app.clickup.com/t/85zu1yac1","url":"https://app.clickup.com/t/85zu1yac1","type":"link"}],"hidden":false,"retry":false,"extra":{"severity":"normal","retries":[],"categories":[{"name":"Product defects","matchedStatuses":[],"flaky":false}],"tags":["validate_details_of_prototype","scenario","validate_prototype_activities_details"]},"source":"9223938c71188b79.json","parameterValues":[]}