{"uid":"9af08ad543805d1f","name":"Test to verify disabling verification on parameters with any of the parameter verification type enabled","fullName":"tests.scenarios.test_prototype_and_parameter.TestPrototypeAndParameter#test_disabling_parameter_verification","historyId":"cb11020d7530006f220d9d7485bfe47a","time":{"start":1733749431210,"stop":1733749461304,"duration":30094},"description":"This test case tests disabling peer, self, or both parameter verification types on parameters with any of the parameter verification types enabled","descriptionHtml":"<p>This test case tests disabling peer, self, or both parameter verification types on parameters with any of the parameter verification types enabled</p>\n","status":"failed","statusMessage":"AssertionError: Incorrect Password for Username: facility.admin.03 and Password: $unDay123","statusTrace":"self = <test_prototype_and_parameter.TestPrototypeAndParameter object at 0x79c71f57ccb0>\n\n    @allure.title(\n        \"Test to verify disabling verification on parameters with any of the parameter verification type enabled\")\n    @allure.description(\n        \"This test case tests disabling peer, self, or both parameter verification types on parameters with any of the \"\n        \"parameter verification types enabled\")\n    @allure.link(\"https://app.clickup.com/t/85ztzat7p\")\n    @pytest.mark.scenario\n    @pytest.mark.create_prototype\n    @pytest.mark.disabling_parameter_verification\n    def test_disabling_parameter_verification(self):\n>       login(Env.get_env_data(\"QA_ADMIN_USERNAME_01\"), Env.get_env_data(\"QA_ADMIN_PASSWORD_01\"))\n\ntests/scenarios/test_prototype_and_parameter.py:815: \n_ _ _ _ _ _ _ _ _ _ _ _ _ _ _ _ _ _ _ _ _ _ _ _ _ _ _ _ _ _ _ _ _ _ _ _ _ _ _ _ _ _ _ _ _ _ _ _ _ _ _ _ _ _ _ _ _ _ _ _ _ _ _ _ _ _ _ _ _ _ _ _ _ _ _ _ _ _ _ _ _ _ _ _ _ _ _ _ _ _ _ _ _ _ _ _ _ _ _ _ _ _ _ _ _ _ _ _ _ _ _ _ _ _ \ntests/unit/login_logout/login_logout.py:21: in login\n    status_200(response, \"Incorrect Password for Username: \" + user_name + \" and Password: \" + password)\n_ _ _ _ _ _ _ _ _ _ _ _ _ _ _ _ _ _ _ _ _ _ _ _ _ _ _ _ _ _ _ _ _ _ _ _ _ _ _ _ _ _ _ _ _ _ _ _ _ _ _ _ _ _ _ _ _ _ _ _ _ _ _ _ _ _ _ _ _ _ _ _ _ _ _ _ _ _ _ _ _ _ _ _ _ _ _ _ _ _ _ _ _ _ _ _ _ _ _ _ _ _ _ _ _ _ _ _ _ _ _ _ _ _ \n\nresponse = <Response [500]>, message = 'Incorrect Password for Username: facility.admin.03 and Password: $unDay123'\n\n    def status_200(response, message=None):\n        if message is None:\n            message = response.text\n>       assert response.status_code == 200, message\nE       AssertionError: Incorrect Password for Username: facility.admin.03 and Password: $unDay123\n\nutil/validate_response.py:4: AssertionError","flaky":false,"newFailed":false,"newBroken":false,"newPassed":false,"retriesCount":0,"retriesStatusChange":false,"beforeStages":[{"name":"login_fixture","time":{"start":1733747083130,"stop":1733747083334,"duration":204},"status":"passed","steps":[],"attachments":[],"parameters":[],"stepsCount":0,"shouldDisplayMessage":false,"attachmentsCount":0,"hasContent":false,"attachmentStep":false},{"name":"env_setup","time":{"start":1733747083130,"stop":1733747083130,"duration":0},"status":"passed","steps":[],"attachments":[],"parameters":[],"stepsCount":0,"shouldDisplayMessage":false,"attachmentsCount":0,"hasContent":false,"attachmentStep":false},{"name":"get_facility","time":{"start":1733747083334,"stop":1733747083435,"duration":101},"status":"passed","steps":[],"attachments":[],"parameters":[],"stepsCount":0,"shouldDisplayMessage":false,"attachmentsCount":0,"hasContent":false,"attachmentStep":false},{"name":"select_usecase_fixture","time":{"start":1733747083436,"stop":1733747083532,"duration":96},"status":"passed","steps":[],"attachments":[],"parameters":[],"stepsCount":0,"shouldDisplayMessage":false,"attachmentsCount":0,"hasContent":false,"attachmentStep":false},{"name":"username_to_user_id_mapping","time":{"start":1733747083532,"stop":1733747083747,"duration":215},"status":"passed","steps":[],"attachments":[],"parameters":[],"stepsCount":0,"shouldDisplayMessage":false,"attachmentsCount":0,"hasContent":false,"attachmentStep":false},{"name":"flush_param_counters","time":{"start":1733749431210,"stop":1733749431210,"duration":0},"status":"passed","steps":[],"attachments":[],"parameters":[],"stepsCount":0,"shouldDisplayMessage":false,"attachmentsCount":0,"hasContent":false,"attachmentStep":false}],"afterStages":[{"name":"flush_param_counters::0","time":{"start":1733749461365,"stop":1733749461365,"duration":0},"status":"passed","steps":[],"attachments":[],"parameters":[],"stepsCount":0,"shouldDisplayMessage":false,"attachmentsCount":0,"hasContent":false,"attachmentStep":false}],"labels":[{"name":"tag","value":"disabling_parameter_verification"},{"name":"tag","value":"create_prototype"},{"name":"tag","value":"scenario"},{"name":"parentSuite","value":"tests.scenarios"},{"name":"suite","value":"test_prototype_and_parameter"},{"name":"subSuite","value":"TestPrototypeAndParameter"},{"name":"host","value":"ubuntu"},{"name":"thread","value":"49291-MainThread"},{"name":"framework","value":"pytest"},{"name":"language","value":"cpython3"},{"name":"package","value":"tests.scenarios.test_prototype_and_parameter"},{"name":"resultFormat","value":"allure2"}],"parameters":[],"links":[{"name":"https://app.clickup.com/t/85ztzat7p","url":"https://app.clickup.com/t/85ztzat7p","type":"link"}],"hidden":true,"retry":true,"extra":{"categories":[],"tags":["disabling_parameter_verification","create_prototype","scenario"]},"source":"9af08ad543805d1f.json","parameterValues":[]}