{"uid":"f40cd50d987e58b2","name":"Test to verify that the Increase Property Task Actions works as expected during execution","fullName":"tests.scenarios.job.test_task_automation_actions.TestTaskAutomationActions#test_increase_property_task_action_triggered_at_start_of_task","historyId":"8491cb80745f4da3feae343d3dad1a5a","time":{"start":1733940050089,"stop":1733940073616,"duration":23527},"description":"This testcase tests if increase property task actions added on task gets triggered at start of the task during job execution","descriptionHtml":"<p>This testcase tests if increase property task actions added on task gets triggered at start of the task during job execution</p>\n","status":"failed","statusMessage":"AssertionError: Increase property task action is not working as expected","statusTrace":"self = <test_task_automation_actions.TestTaskAutomationActions object at 0x78cf7c29e210>, user_group_creation = 'Auto_Test_user_group_TestTaskAutomationActions_1279', job_execution_by = 'user'\nusers_list = ['process.publisher.03']\n\n    @allure.title(\"Test to verify that the Increase Property Task Actions works as expected during execution\")\n    @allure.description(\"This testcase tests if increase property task actions added on task gets triggered at \"\n                        \"start of the task during job execution\")\n    @allure.link(\"https://app.clickup.com/t/86cuj0knf\")\n    @pytest.mark.scenario\n    @pytest.mark.job\n    @pytest.mark.increase_property_task_action_triggered_at_start_of_task\n    @pytest.mark.parametrize(\"job_execution_by, users_list\", [(\"user\", [Env.get_env_data(\"QA_PUBLISHER_USERNAME_01\")]),\n                                                              (\"user_group\", [])])\n    def test_increase_property_task_action_triggered_at_start_of_task(self, user_group_creation, job_execution_by,\n                                                                      users_list):\n        process_data = self.process_obj.test_add_increase_property_task_action_at_the_start_of_task()\n        object_data, display_name = object_type_objects.test_create_objects(\n            {process_data[\"properties\"][\"title_display_name\"]: \"Object-01\",\n             process_data[\"properties\"][\"single_line_property\"]: \"single_line\",\n             process_data[\"properties\"][\"multi_line_property\"]: \"multi_line\",\n             process_data[\"properties\"][\"number_property\"]: \"10\",\n             process_data[\"properties\"][\"multi_select_property\"]: [\n                 process_data[\"properties\"][\"multi_select_option\"]],\n             process_data[\"properties\"][\"single_select_property\"]: process_data[\"properties\"][\n                 \"single_select_option\"],\n             process_data[\"properties\"][\"date_property\"]: \"12-12-2012\"},\n            process_data[\"properties\"][\"display_name\"])\n    \n        login(Env.get_env_data(\"QA_PUBLISHER_USERNAME_01\"), Env.get_env_data(\"QA_PUBLISHER_PASSWORD_01\"))\n        select_facility(const.FACILITY_NAME)\n        select_usecase(const.USECASE_NAME)\n        self.job_obj.assign_user_and_user_group_to_process(job_execution_by, users_list, user_group_creation,\n                                                           all_task_assignmnet=True)\n        self.job_obj.create_job()\n    \n        self.job_obj.start_job()\n        self.job_obj.start_task(task_name_01)\n        self.job_obj.execute_parameter(task_name_01, process_data[\"res_param_01\"],\n                                       data={\"value\": object_data[\"displayName\"]})\n        self.job_obj.execute_parameter(task_name_01, process_data[\"number_param\"], data={\"value\": \"10\"})\n        # self.job_obj.execute_parameter(task_name_01, process_data[\"should_be_param\"], data={\"value\": \"10\"})\n        self.job_obj.complete_task(task_name_01)\n        self.job_obj.start_task(task_name_02)\n        self.job_obj.execute_parameter(task_name_02, process_data[\"slt_param_01\"], data={\"value\": \"Leucine\"})\n        if not self.job_obj.validate_value_of_object_for_specific_object_property(display_name,\n                                                                                  object_data[\"displayName\"],\n                                                                                  process_data[\"properties\"][\n                                                                                      \"number_property\"], \"20.0\"):\n            raise AssertionError(\"Increase property task action is not working as expected\")\n        self.job_obj.complete_task(task_name_02)\n        self.job_obj.start_task(task_name_03)\n        self.job_obj.execute_parameter(task_name_03, process_data[\"slt_param_02\"], data={\"value\": \"Leucine\"})\n        if not self.job_obj.validate_value_of_object_for_specific_object_property(display_name,\n                                                                                  object_data[\"displayName\"],\n                                                                                  process_data[\"properties\"][\n                                                                                      \"number_property\"], \"40.0\"):\n            raise AssertionError(\"Increase property task action is not working as expected\")\n        self.job_obj.complete_task(task_name_03)\n        self.job_obj.start_task(task_name_04)\n        self.job_obj.execute_parameter(task_name_04, process_data[\"slt_param_03\"], data={\"value\": \"Leucine\"})\n        if not self.job_obj.validate_value_of_object_for_specific_object_property(display_name,\n                                                                                  object_data[\"displayName\"],\n                                                                                  process_data[\"properties\"][\n                                                                                      \"number_property\"], \"50.0\"):\n>           raise AssertionError(\"Increase property task action is not working as expected\")\nE           AssertionError: Increase property task action is not working as expected\n\ntests/scenarios/job/test_task_automation_actions.py:174: AssertionError","flaky":false,"newFailed":false,"newBroken":false,"newPassed":false,"retriesCount":2,"retriesStatusChange":false,"beforeStages":[{"name":"env_setup","time":{"start":1733926201392,"stop":1733926201392,"duration":0},"status":"passed","steps":[],"attachments":[],"parameters":[],"shouldDisplayMessage":false,"stepsCount":0,"attachmentsCount":0,"hasContent":false,"attachmentStep":false},{"name":"login_fixture","time":{"start":1733926201392,"stop":1733926201601,"duration":209},"status":"passed","steps":[],"attachments":[],"parameters":[],"shouldDisplayMessage":false,"stepsCount":0,"attachmentsCount":0,"hasContent":false,"attachmentStep":false},{"name":"get_facility","time":{"start":1733926201601,"stop":1733926201720,"duration":119},"status":"passed","steps":[],"attachments":[],"parameters":[],"shouldDisplayMessage":false,"stepsCount":0,"attachmentsCount":0,"hasContent":false,"attachmentStep":false},{"name":"select_usecase_fixture","time":{"start":1733926201720,"stop":1733926201814,"duration":94},"status":"passed","steps":[],"attachments":[],"parameters":[],"shouldDisplayMessage":false,"stepsCount":0,"attachmentsCount":0,"hasContent":false,"attachmentStep":false},{"name":"username_to_user_id_mapping","time":{"start":1733926201814,"stop":1733926202088,"duration":274},"status":"passed","steps":[],"attachments":[],"parameters":[],"shouldDisplayMessage":false,"stepsCount":0,"attachmentsCount":0,"hasContent":false,"attachmentStep":false},{"name":"user_group_creation","time":{"start":1733939992512,"stop":1733939993160,"duration":648},"status":"passed","steps":[],"attachments":[],"parameters":[],"shouldDisplayMessage":false,"stepsCount":0,"attachmentsCount":0,"hasContent":false,"attachmentStep":false},{"name":"flush_param_counters","time":{"start":1733940050089,"stop":1733940050089,"duration":0},"status":"passed","steps":[],"attachments":[],"parameters":[],"shouldDisplayMessage":false,"stepsCount":0,"attachmentsCount":0,"hasContent":false,"attachmentStep":false}],"afterStages":[{"name":"flush_param_counters::0","time":{"start":1733940073650,"stop":1733940073650,"duration":0},"status":"passed","steps":[],"attachments":[],"parameters":[],"shouldDisplayMessage":false,"stepsCount":0,"attachmentsCount":0,"hasContent":false,"attachmentStep":false}],"labels":[{"name":"tag","value":"increase_property_task_action_triggered_at_start_of_task"},{"name":"tag","value":"job"},{"name":"tag","value":"scenario"},{"name":"parentSuite","value":"tests.scenarios.job"},{"name":"suite","value":"test_task_automation_actions"},{"name":"subSuite","value":"TestTaskAutomationActions"},{"name":"host","value":"ubuntu"},{"name":"thread","value":"60865-MainThread"},{"name":"framework","value":"pytest"},{"name":"language","value":"cpython3"},{"name":"package","value":"tests.scenarios.job.test_task_automation_actions"},{"name":"resultFormat","value":"allure2"}],"parameters":[{"name":"job_execution_by","value":"'user'"},{"name":"users_list","value":"['process.publisher.03']"}],"links":[{"name":"https://app.clickup.com/t/86cuj0knf","url":"https://app.clickup.com/t/86cuj0knf","type":"link"}],"hidden":false,"retry":false,"extra":{"severity":"normal","retries":[{"uid":"bc11253360b44d38","status":"failed","statusDetails":"AssertionError: Increase property task action is not working as expected","time":{"start":1733765204301,"stop":1733765228004,"duration":23703}},{"uid":"665fd646132787ee","status":"failed","statusDetails":"AssertionError: Increase property task action is not working as expected","time":{"start":1733502623174,"stop":1733502646246,"duration":23072}}],"categories":[{"name":"Product defects","matchedStatuses":[],"flaky":false}],"tags":["scenario","increase_property_task_action_triggered_at_start_of_task","job"]},"source":"f40cd50d987e58b2.json","parameterValues":["'user'","['process.publisher.03']"]}